#
# There is insufficient memory for the Java Runtime Environment to continue.
# Native memory allocation (malloc) failed to allocate 2074576 bytes. Error detail: Chunk::new
# Possible reasons:
#   The system is out of physical RAM or swap space
#   This process is running with CompressedOops enabled, and the Java Heap may be blocking the growth of the native heap
# Possible solutions:
#   Reduce memory load on the system
#   Increase physical memory or swap space
#   Check if swap backing store is full
#   Decrease Java heap size (-Xmx/-Xms)
#   Decrease number of Java threads
#   Decrease Java thread stack sizes (-Xss)
#   Set larger code cache with -XX:ReservedCodeCacheSize=
#   JVM is running with Unscaled Compressed Oops mode in which the Java heap is
#     placed in the first 4GB address space. The Java Heap base address is the
#     maximum limit for the native heap growth. Please use -XX:HeapBaseMinAddress
#     to set the Java Heap base and to place the Java Heap above 4GB virtual address.
# This output file may be truncated or incomplete.
#
#  Out of Memory Error (arena.cpp:150), pid=15964, tid=12840
#
# JRE version: Java(TM) SE Runtime Environment (22.0+36) (build 22+36-2370)
# Java VM: Java HotSpot(TM) 64-Bit Server VM (22+36-2370, mixed mode, sharing, tiered, compressed oops, compressed class ptrs, g1 gc, windows-amd64)
# No core dump will be written. Minidumps are not enabled by default on client versions of Windows
#

---------------  S U M M A R Y ------------

Command Line: -javaagent:C:\Program Files\JetBrains\IntelliJ IDEA Community Edition 2023.3.6\lib\idea_rt.jar=61625:C:\Program Files\JetBrains\IntelliJ IDEA Community Edition 2023.3.6\bin -Dfile.encoding=UTF-8 -Dsun.stdout.encoding=UTF-8 -Dsun.stderr.encoding=UTF-8 com.numetry.Travel.and.Tourism.Management.System.TravelAndTourismManagementSystemApplication

Host: AMD A6-7310 APU with AMD Radeon R4 Graphics    , 4 cores, 3G,  Windows 10 , 64 bit Build 19041 (10.0.19041.1706)
Time: Wed May  1 12:57:26 2024 US Eastern Standard Time elapsed time: 791.339337 seconds (0d 0h 13m 11s)

---------------  T H R E A D  ---------------

Current thread (0x000001114862d2f0):  JavaThread "C2 CompilerThread0" daemon [_thread_in_native, id=12840, stack(0x0000000760300000,0x0000000760400000) (1024K)]


Current CompileTask:
C2:791346 11715       4       com.mysql.cj.jdbc.result.ResultSetImpl::<init> (844 bytes)

Stack: [0x0000000760300000,0x0000000760400000]
Native frames: (J=compiled Java code, j=interpreted, Vv=VM code, C=native code)
V  [jvm.dll+0x6e2349]  (no source info available)
V  [jvm.dll+0x874ed3]  (no source info available)
V  [jvm.dll+0x8772fe]  (no source info available)
V  [jvm.dll+0x8779d3]  (no source info available)
V  [jvm.dll+0x27fcb6]  (no source info available)
V  [jvm.dll+0xc3d0f]  (no source info available)
V  [jvm.dll+0xc3f6b]  (no source info available)
V  [jvm.dll+0x3bb022]  (no source info available)
V  [jvm.dll+0x387abb]  (no source info available)
V  [jvm.dll+0x386f2a]  (no source info available)
V  [jvm.dll+0x247908]  (no source info available)
V  [jvm.dll+0x246faf]  (no source info available)
V  [jvm.dll+0x1c4e90]  (no source info available)
V  [jvm.dll+0x25699e]  (no source info available)
V  [jvm.dll+0x254c5a]  (no source info available)
V  [jvm.dll+0x3f5426]  (no source info available)
V  [jvm.dll+0x81d50b]  (no source info available)
V  [jvm.dll+0x6e09e5]  (no source info available)
C  [ucrtbase.dll+0x21bb2]  (no source info available)
C  [KERNEL32.DLL+0x17034]  (no source info available)
C  [ntdll.dll+0x52651]  (no source info available)


---------------  P R O C E S S  ---------------

Threads class SMR info:
_java_thread_list=0x000001118fec8a50, length=29, elements={
0x00000111486244b0, 0x0000011148624f90, 0x000001114862a640, 0x000001114862b0a0,
0x000001114862bb00, 0x000001114862c560, 0x000001114862d2f0, 0x00000111486973a0,
0x00000111486beb70, 0x0000011148bf7030, 0x0000011148bf76a0, 0x000001118fb94a30,
0x000001118fb950a0, 0x000001118fb6e090, 0x000001118fb6e700, 0x000001118fe225d0,
0x000001118fe22c60, 0x000001118fe232f0, 0x000001118fe20b90, 0x000001118fe23980,
0x000001118fe21220, 0x000001118fe218b0, 0x000001118fe21f40, 0x0000011191367280,
0x0000011191366560, 0x0000011191364b20, 0x0000011191365840, 0x00000111913651b0,
0x0000011191367fa0
}

Java Threads: ( => current thread )
  0x00000111486244b0 JavaThread "Reference Handler"          daemon [_thread_blocked, id=5492, stack(0x000000075fd00000,0x000000075fe00000) (1024K)]
  0x0000011148624f90 JavaThread "Finalizer"                  daemon [_thread_blocked, id=6808, stack(0x000000075fe00000,0x000000075ff00000) (1024K)]
  0x000001114862a640 JavaThread "Signal Dispatcher"          daemon [_thread_blocked, id=8144, stack(0x000000075ff00000,0x0000000760000000) (1024K)]
  0x000001114862b0a0 JavaThread "Attach Listener"            daemon [_thread_blocked, id=5656, stack(0x0000000760000000,0x0000000760100000) (1024K)]
  0x000001114862bb00 JavaThread "Service Thread"             daemon [_thread_blocked, id=2744, stack(0x0000000760100000,0x0000000760200000) (1024K)]
  0x000001114862c560 JavaThread "Monitor Deflation Thread"   daemon [_thread_blocked, id=12928, stack(0x0000000760200000,0x0000000760300000) (1024K)]
=>0x000001114862d2f0 JavaThread "C2 CompilerThread0"         daemon [_thread_in_native, id=12840, stack(0x0000000760300000,0x0000000760400000) (1024K)]
  0x00000111486973a0 JavaThread "C1 CompilerThread0"         daemon [_thread_blocked, id=9280, stack(0x0000000760400000,0x0000000760500000) (1024K)]
  0x00000111486beb70 JavaThread "Common-Cleaner"             daemon [_thread_blocked, id=7000, stack(0x0000000760500000,0x0000000760600000) (1024K)]
  0x0000011148bf7030 JavaThread "Monitor Ctrl-Break"         daemon [_thread_in_native, id=15992, stack(0x0000000760600000,0x0000000760700000) (1024K)]
  0x0000011148bf76a0 JavaThread "Notification Thread"        daemon [_thread_blocked, id=9352, stack(0x0000000760700000,0x0000000760800000) (1024K)]
  0x000001118fb94a30 JavaThread "Catalina-utility-1"                [_thread_blocked, id=13448, stack(0x0000000760b00000,0x0000000760c00000) (1024K)]
  0x000001118fb950a0 JavaThread "Catalina-utility-2"                [_thread_blocked, id=12564, stack(0x0000000760c00000,0x0000000760d00000) (1024K)]
  0x000001118fb6e090 JavaThread "container-0"                       [_thread_blocked, id=13536, stack(0x0000000760d00000,0x0000000760e00000) (1024K)]
  0x000001118fb6e700 JavaThread "mysql-cj-abandoned-connection-cleanup" daemon [_thread_blocked, id=15076, stack(0x000000075f300000,0x000000075f400000) (1024K)]
  0x000001118fe225d0 JavaThread "HikariPool-1 housekeeper"   daemon [_thread_blocked, id=14236, stack(0x0000000761100000,0x0000000761200000) (1024K)]
  0x000001118fe22c60 JavaThread "http-nio-8080-exec-1"       daemon [_thread_blocked, id=6700, stack(0x000000075f200000,0x000000075f300000) (1024K)]
  0x000001118fe232f0 JavaThread "http-nio-8080-exec-2"       daemon [_thread_blocked, id=14616, stack(0x0000000761200000,0x0000000761300000) (1024K)]
  0x000001118fe20b90 JavaThread "http-nio-8080-exec-3"       daemon [_thread_blocked, id=5184, stack(0x0000000761300000,0x0000000761400000) (1024K)]
  0x000001118fe23980 JavaThread "http-nio-8080-exec-4"       daemon [_thread_blocked, id=15060, stack(0x0000000761400000,0x0000000761500000) (1024K)]
  0x000001118fe21220 JavaThread "http-nio-8080-exec-5"       daemon [_thread_blocked, id=9336, stack(0x0000000761500000,0x0000000761600000) (1024K)]
  0x000001118fe218b0 JavaThread "http-nio-8080-exec-6"       daemon [_thread_blocked, id=18320, stack(0x0000000761600000,0x0000000761700000) (1024K)]
  0x000001118fe21f40 JavaThread "http-nio-8080-exec-7"       daemon [_thread_blocked, id=13328, stack(0x0000000761700000,0x0000000761800000) (1024K)]
  0x0000011191367280 JavaThread "http-nio-8080-exec-8"       daemon [_thread_blocked, id=5192, stack(0x0000000761800000,0x0000000761900000) (1024K)]
  0x0000011191366560 JavaThread "http-nio-8080-exec-9"       daemon [_thread_blocked, id=6876, stack(0x0000000761900000,0x0000000761a00000) (1024K)]
  0x0000011191364b20 JavaThread "http-nio-8080-exec-10"      daemon [_thread_blocked, id=2340, stack(0x0000000761a00000,0x0000000761b00000) (1024K)]
  0x0000011191365840 JavaThread "http-nio-8080-Poller"       daemon [_thread_in_native, id=3896, stack(0x0000000761b00000,0x0000000761c00000) (1024K)]
  0x00000111913651b0 JavaThread "http-nio-8080-Acceptor"     daemon [_thread_in_native, id=13724, stack(0x0000000761c00000,0x0000000761d00000) (1024K)]
  0x0000011191367fa0 JavaThread "DestroyJavaVM"                     [_thread_blocked, id=11632, stack(0x000000075f500000,0x000000075f600000) (1024K)]
Total: 29

Other Threads:
  0x000001112de77950 VMThread "VM Thread"                           [id=3840, stack(0x000000075fc00000,0x000000075fd00000) (1024K)]
  0x000001112de64430 WatcherThread "VM Periodic Task Thread"        [id=14640, stack(0x000000075fb00000,0x000000075fc00000) (1024K)]
  0x000001112ddf5310 WorkerThread "GC Thread#0"                     [id=2916, stack(0x000000075f600000,0x000000075f700000) (1024K)]
  0x000001118e26cc30 WorkerThread "GC Thread#1"                     [id=18112, stack(0x0000000760800000,0x0000000760900000) (1024K)]
  0x000001118e270810 WorkerThread "GC Thread#2"                     [id=468, stack(0x0000000760900000,0x0000000760a00000) (1024K)]
  0x000001118e613180 WorkerThread "GC Thread#3"                     [id=8432, stack(0x0000000760a00000,0x0000000760b00000) (1024K)]
  0x000001112ddfd200 ConcurrentGCThread "G1 Main Marker"            [id=15972, stack(0x000000075f700000,0x000000075f800000) (1024K)]
  0x000001112ddfdec0 WorkerThread "G1 Conc#0"                       [id=6220, stack(0x000000075f800000,0x000000075f900000) (1024K)]
  0x000001112de51fc0 ConcurrentGCThread "G1 Refine#0"               [id=11524, stack(0x000000075f900000,0x000000075fa00000) (1024K)]
  0x000001112de52cf0 ConcurrentGCThread "G1 Service"                [id=17996, stack(0x000000075fa00000,0x000000075fb00000) (1024K)]
Total: 10

Threads with active compile tasks:
C2 CompilerThread0  791692 11715       4       com.mysql.cj.jdbc.result.ResultSetImpl::<init> (844 bytes)
Total: 1

VM state: not at safepoint (normal execution)

VM Mutex/Monitor currently owned by a thread: None

Heap address: 0x00000000c8800000, size: 888 MB, Compressed Oops mode: 32-bit

CDS archive(s) mapped at: [0x0000011149000000-0x0000011149c60000-0x0000011149c60000), size 12976128, SharedBaseAddress: 0x0000011149000000, ArchiveRelocationMode: 1.
Compressed class space mapped at: 0x000001114a000000-0x000001118a000000, reserved size: 1073741824
Narrow klass base: 0x0000011149000000, Narrow klass shift: 0, Narrow klass range: 0x41000000

GC Precious Log:
 CardTable entry size: 512
 Card Set container configuration: InlinePtr #cards 5 size 8 Array Of Cards #cards 12 size 40 Howl #buckets 4 coarsen threshold 1843 Howl Bitmap #cards 512 size 80 coarsen threshold 460 Card regions per heap region 1 cards per card region 2048
 CPUs: 4 total, 4 available
 Memory: 3550M
 Large Page Support: Disabled
 NUMA Support: Disabled
 Compressed Oops: Enabled (32-bit)
 Heap Region Size: 1M
 Heap Min Capacity: 8M
 Heap Initial Capacity: 56M
 Heap Max Capacity: 888M
 Pre-touch: Disabled
 Parallel Workers: 4
 Concurrent Workers: 1
 Concurrent Refinement Workers: 4
 Periodic GC: Disabled

Heap:
 garbage-first heap   total reserved 909312K, committed 64512K, used 44769K [0x00000000c8800000, 0x0000000100000000)
  region size 1024K, 18 young (18432K), 1 survivors (1024K)
 Metaspace       used 75906K, committed 76736K, reserved 1179648K
  class space    used 9923K, committed 10304K, reserved 1048576K

Heap Regions: E=young(eden), S=young(survivor), O=old, HS=humongous(starts), HC=humongous(continues), CS=collection set, F=free, TAMS=top-at-mark-start, PB=parsable bottom
|   0|0x00000000c8800000, 0x00000000c8900000, 0x00000000c8900000|100%|HS|  |TAMS 0x00000000c8800000| PB 0x00000000c8800000| Complete |  0
|   1|0x00000000c8900000, 0x00000000c8a00000, 0x00000000c8a00000|100%| O|  |TAMS 0x00000000c8900000| PB 0x00000000c8900000| Untracked |  0
|   2|0x00000000c8a00000, 0x00000000c8b00000, 0x00000000c8b00000|100%| O|  |TAMS 0x00000000c8a00000| PB 0x00000000c8a00000| Untracked |  0
|   3|0x00000000c8b00000, 0x00000000c8c00000, 0x00000000c8c00000|100%| O|  |TAMS 0x00000000c8b00000| PB 0x00000000c8b00000| Untracked |  0
|   4|0x00000000c8c00000, 0x00000000c8d00000, 0x00000000c8d00000|100%| O|  |TAMS 0x00000000c8c00000| PB 0x00000000c8c00000| Untracked |  0
|   5|0x00000000c8d00000, 0x00000000c8e00000, 0x00000000c8e00000|100%| O|  |TAMS 0x00000000c8d00000| PB 0x00000000c8d00000| Untracked |  0
|   6|0x00000000c8e00000, 0x00000000c8f00000, 0x00000000c8f00000|100%| O|  |TAMS 0x00000000c8e00000| PB 0x00000000c8e00000| Untracked |  0
|   7|0x00000000c8f00000, 0x00000000c9000000, 0x00000000c9000000|100%| O|  |TAMS 0x00000000c8f00000| PB 0x00000000c8f00000| Untracked |  0
|   8|0x00000000c9000000, 0x00000000c9100000, 0x00000000c9100000|100%| O|  |TAMS 0x00000000c9000000| PB 0x00000000c9000000| Untracked |  0
|   9|0x00000000c9100000, 0x00000000c91a97b8, 0x00000000c9200000| 66%| O|  |TAMS 0x00000000c9100000| PB 0x00000000c9100000| Untracked |  0
|  10|0x00000000c9200000, 0x00000000c9300000, 0x00000000c9300000|100%| O|  |TAMS 0x00000000c9200000| PB 0x00000000c9200000| Untracked |  0
|  11|0x00000000c9300000, 0x00000000c9400000, 0x00000000c9400000|100%| O|  |TAMS 0x00000000c9300000| PB 0x00000000c9300000| Untracked |  0
|  12|0x00000000c9400000, 0x00000000c9500000, 0x00000000c9500000|100%| O|  |TAMS 0x00000000c9400000| PB 0x00000000c9400000| Untracked |  0
|  13|0x00000000c9500000, 0x00000000c9600000, 0x00000000c9600000|100%| O|  |TAMS 0x00000000c9500000| PB 0x00000000c9500000| Untracked |  0
|  14|0x00000000c9600000, 0x00000000c9700000, 0x00000000c9700000|100%| O|  |TAMS 0x00000000c9600000| PB 0x00000000c9600000| Untracked |  0
|  15|0x00000000c9700000, 0x00000000c9800000, 0x00000000c9800000|100%| O|  |TAMS 0x00000000c9700000| PB 0x00000000c9700000| Untracked |  0
|  16|0x00000000c9800000, 0x00000000c9900000, 0x00000000c9900000|100%| O|  |TAMS 0x00000000c9800000| PB 0x00000000c9800000| Untracked |  0
|  17|0x00000000c9900000, 0x00000000c9a00000, 0x00000000c9a00000|100%| O|  |TAMS 0x00000000c9900000| PB 0x00000000c9900000| Untracked |  0
|  18|0x00000000c9a00000, 0x00000000c9b00000, 0x00000000c9b00000|100%| O|  |TAMS 0x00000000c9a00000| PB 0x00000000c9a00000| Untracked |  0
|  19|0x00000000c9b00000, 0x00000000c9c00000, 0x00000000c9c00000|100%| O|  |TAMS 0x00000000c9b00000| PB 0x00000000c9b00000| Untracked |  0
|  20|0x00000000c9c00000, 0x00000000c9d00000, 0x00000000c9d00000|100%| O|  |TAMS 0x00000000c9c00000| PB 0x00000000c9c00000| Untracked |  0
|  21|0x00000000c9d00000, 0x00000000c9e00000, 0x00000000c9e00000|100%| O|  |TAMS 0x00000000c9d00000| PB 0x00000000c9d00000| Untracked |  0
|  22|0x00000000c9e00000, 0x00000000c9f00000, 0x00000000c9f00000|100%| O|  |TAMS 0x00000000c9e00000| PB 0x00000000c9e00000| Untracked |  0
|  23|0x00000000c9f00000, 0x00000000ca000000, 0x00000000ca000000|100%| O|  |TAMS 0x00000000c9f00000| PB 0x00000000c9f00000| Untracked |  0
|  24|0x00000000ca000000, 0x00000000ca000000, 0x00000000ca100000|  0%| F|  |TAMS 0x00000000ca000000| PB 0x00000000ca000000| Untracked |  0
|  25|0x00000000ca100000, 0x00000000ca200000, 0x00000000ca200000|100%| O|  |TAMS 0x00000000ca100000| PB 0x00000000ca100000| Untracked |  0
|  26|0x00000000ca200000, 0x00000000ca300000, 0x00000000ca300000|100%| O|  |TAMS 0x00000000ca200000| PB 0x00000000ca200000| Untracked |  0
|  27|0x00000000ca300000, 0x00000000ca400000, 0x00000000ca400000|100%| O|  |TAMS 0x00000000ca300000| PB 0x00000000ca300000| Untracked |  0
|  28|0x00000000ca400000, 0x00000000ca500000, 0x00000000ca500000|100%| O|  |TAMS 0x00000000ca400000| PB 0x00000000ca400000| Untracked |  0
|  29|0x00000000ca500000, 0x00000000ca600000, 0x00000000ca600000|100%| O|  |TAMS 0x00000000ca500000| PB 0x00000000ca500000| Untracked |  0
|  30|0x00000000ca600000, 0x00000000ca600000, 0x00000000ca700000|  0%| F|  |TAMS 0x00000000ca600000| PB 0x00000000ca600000| Untracked |  0
|  31|0x00000000ca700000, 0x00000000ca700000, 0x00000000ca800000|  0%| F|  |TAMS 0x00000000ca700000| PB 0x00000000ca700000| Untracked |  0
|  32|0x00000000ca800000, 0x00000000ca800000, 0x00000000ca900000|  0%| F|  |TAMS 0x00000000ca800000| PB 0x00000000ca800000| Untracked |  0
|  33|0x00000000ca900000, 0x00000000ca90ef20, 0x00000000caa00000|  5%| S|CS|TAMS 0x00000000ca900000| PB 0x00000000ca900000| Complete |  0
|  34|0x00000000caa00000, 0x00000000caa00000, 0x00000000cab00000|  0%| F|  |TAMS 0x00000000caa00000| PB 0x00000000caa00000| Untracked |  0
|  35|0x00000000cab00000, 0x00000000cab00000, 0x00000000cac00000|  0%| F|  |TAMS 0x00000000cab00000| PB 0x00000000cab00000| Untracked |  0
|  36|0x00000000cac00000, 0x00000000cac00000, 0x00000000cad00000|  0%| F|  |TAMS 0x00000000cac00000| PB 0x00000000cac00000| Untracked |  0
|  37|0x00000000cad00000, 0x00000000cad00000, 0x00000000cae00000|  0%| F|  |TAMS 0x00000000cad00000| PB 0x00000000cad00000| Untracked |  0
|  38|0x00000000cae00000, 0x00000000cae00000, 0x00000000caf00000|  0%| F|  |TAMS 0x00000000cae00000| PB 0x00000000cae00000| Untracked |  0
|  39|0x00000000caf00000, 0x00000000caf00000, 0x00000000cb000000|  0%| F|  |TAMS 0x00000000caf00000| PB 0x00000000caf00000| Untracked |  0
|  40|0x00000000cb000000, 0x00000000cb000000, 0x00000000cb100000|  0%| F|  |TAMS 0x00000000cb000000| PB 0x00000000cb000000| Untracked |  0
|  41|0x00000000cb100000, 0x00000000cb100000, 0x00000000cb200000|  0%| F|  |TAMS 0x00000000cb100000| PB 0x00000000cb100000| Untracked |  0
|  42|0x00000000cb200000, 0x00000000cb200000, 0x00000000cb300000|  0%| F|  |TAMS 0x00000000cb200000| PB 0x00000000cb200000| Untracked |  0
|  43|0x00000000cb300000, 0x00000000cb300000, 0x00000000cb400000|  0%| F|  |TAMS 0x00000000cb300000| PB 0x00000000cb300000| Untracked |  0
|  44|0x00000000cb400000, 0x00000000cb400000, 0x00000000cb500000|  0%| F|  |TAMS 0x00000000cb400000| PB 0x00000000cb400000| Untracked |  0
|  45|0x00000000cb500000, 0x00000000cb500000, 0x00000000cb600000|  0%| F|  |TAMS 0x00000000cb500000| PB 0x00000000cb500000| Untracked |  0
|  46|0x00000000cb600000, 0x00000000cb6e7618, 0x00000000cb700000| 90%| E|  |TAMS 0x00000000cb600000| PB 0x00000000cb600000| Complete |  0
|  47|0x00000000cb700000, 0x00000000cb800000, 0x00000000cb800000|100%| E|CS|TAMS 0x00000000cb700000| PB 0x00000000cb700000| Complete |  0
|  48|0x00000000cb800000, 0x00000000cb900000, 0x00000000cb900000|100%| E|CS|TAMS 0x00000000cb800000| PB 0x00000000cb800000| Complete |  0
|  49|0x00000000cb900000, 0x00000000cba00000, 0x00000000cba00000|100%| E|CS|TAMS 0x00000000cb900000| PB 0x00000000cb900000| Complete |  0
|  50|0x00000000cba00000, 0x00000000cbb00000, 0x00000000cbb00000|100%| E|  |TAMS 0x00000000cba00000| PB 0x00000000cba00000| Complete |  0
|  51|0x00000000cbb00000, 0x00000000cbc00000, 0x00000000cbc00000|100%| E|CS|TAMS 0x00000000cbb00000| PB 0x00000000cbb00000| Complete |  0
|  52|0x00000000cbc00000, 0x00000000cbd00000, 0x00000000cbd00000|100%| E|CS|TAMS 0x00000000cbc00000| PB 0x00000000cbc00000| Complete |  0
|  53|0x00000000cbd00000, 0x00000000cbe00000, 0x00000000cbe00000|100%| E|CS|TAMS 0x00000000cbd00000| PB 0x00000000cbd00000| Complete |  0
|  54|0x00000000cbe00000, 0x00000000cbf00000, 0x00000000cbf00000|100%| E|CS|TAMS 0x00000000cbe00000| PB 0x00000000cbe00000| Complete |  0
|  55|0x00000000cbf00000, 0x00000000cc000000, 0x00000000cc000000|100%| E|CS|TAMS 0x00000000cbf00000| PB 0x00000000cbf00000| Complete |  0
|  56|0x00000000cc000000, 0x00000000cc100000, 0x00000000cc100000|100%| E|CS|TAMS 0x00000000cc000000| PB 0x00000000cc000000| Complete |  0
|  57|0x00000000cc100000, 0x00000000cc200000, 0x00000000cc200000|100%| E|CS|TAMS 0x00000000cc100000| PB 0x00000000cc100000| Complete |  0
|  58|0x00000000cc200000, 0x00000000cc300000, 0x00000000cc300000|100%| E|CS|TAMS 0x00000000cc200000| PB 0x00000000cc200000| Complete |  0
|  59|0x00000000cc300000, 0x00000000cc400000, 0x00000000cc400000|100%| E|CS|TAMS 0x00000000cc300000| PB 0x00000000cc300000| Complete |  0
|  60|0x00000000cc400000, 0x00000000cc500000, 0x00000000cc500000|100%| E|CS|TAMS 0x00000000cc400000| PB 0x00000000cc400000| Complete |  0
|  61|0x00000000cc500000, 0x00000000cc600000, 0x00000000cc600000|100%| E|CS|TAMS 0x00000000cc500000| PB 0x00000000cc500000| Complete |  0
|  62|0x00000000cc600000, 0x00000000cc700000, 0x00000000cc700000|100%| E|CS|TAMS 0x00000000cc600000| PB 0x00000000cc600000| Complete |  0

Card table byte_map: [0x0000011145110000,0x00000111452d0000] _byte_map_base: 0x0000011144acc000

Marking Bits: (CMBitMap*) 0x000001112ddf5a20
 Bits: [0x00000111452d0000, 0x00000111460b0000)

Polling page: 0x000001112bd50000

Metaspace:

Usage:
  Non-class:     64.44 MB used.
      Class:      9.69 MB used.
       Both:     74.13 MB used.

Virtual space:
  Non-class space:      128.00 MB reserved,      64.88 MB ( 51%) committed,  2 nodes.
      Class space:        1.00 GB reserved,      10.06 MB ( <1%) committed,  1 nodes.
             Both:        1.12 GB reserved,      74.94 MB (  7%) committed. 

Chunk freelists:
   Non-Class:  14.73 MB
       Class:  5.91 MB
        Both:  20.64 MB

MaxMetaspaceSize: unlimited
CompressedClassSpaceSize: 1.00 GB
Initial GC threshold: 21.00 MB
Current GC threshold: 124.81 MB
CDS: on
 - commit_granule_bytes: 65536.
 - commit_granule_words: 8192.
 - virtual_space_node_default_size: 8388608.
 - enlarge_chunks_in_place: 1.
 - use_allocation_guard: 0.


Internal statistics:

num_allocs_failed_limit: 9.
num_arena_births: 1124.
num_arena_deaths: 0.
num_vsnodes_births: 3.
num_vsnodes_deaths: 0.
num_space_committed: 1199.
num_space_uncommitted: 0.
num_chunks_returned_to_freelist: 9.
num_chunks_taken_from_freelist: 3814.
num_chunk_merges: 9.
num_chunk_splits: 2716.
num_chunks_enlarged: 2082.
num_inconsistent_stats: 0.

CodeHeap 'non-profiled nmethods': size=120000Kb used=4393Kb max_used=4615Kb free=115606Kb
 bounds [0x000001113dbe0000, 0x000001113e090000, 0x0000011145110000]
CodeHeap 'profiled nmethods': size=120000Kb used=9644Kb max_used=15467Kb free=110355Kb
 bounds [0x0000011136110000, 0x0000011137030000, 0x000001113d640000]
CodeHeap 'non-nmethods': size=5760Kb used=1764Kb max_used=1820Kb free=3995Kb
 bounds [0x000001113d640000, 0x000001113d8b0000, 0x000001113dbe0000]
 total_blobs=5547 nmethods=4776 adapters=675
 compilation: enabled
              stopped_count=0, restarted_count=0
 full_count=0

Compilation events (20 events):
Event: 789.814 Thread 0x000001114862d2f0 nmethod 11705 0x000001113de15090 code [0x000001113de15200, 0x000001113de15288]
Event: 789.825 Thread 0x000001114862d2f0 11706       4       org.hibernate.engine.spi.EntityKey::equals (49 bytes)
Event: 789.839 Thread 0x000001114862d2f0 nmethod 11706 0x000001113dd66e90 code [0x000001113dd67060, 0x000001113dd67390]
Event: 789.839 Thread 0x000001114862d2f0 11707       4       org.hibernate.engine.spi.EntityKey::samePersistentType (41 bytes)
Event: 789.841 Thread 0x000001114862d2f0 nmethod 11707 0x000001113dd66b90 code [0x000001113dd66d20, 0x000001113dd66df0]
Event: 789.841 Thread 0x000001114862d2f0 11708       4       org.hibernate.engine.spi.EntityKey::sameIdentifier (51 bytes)
Event: 789.850 Thread 0x000001114862d2f0 nmethod 11708 0x000001113dd88290 code [0x000001113dd88460, 0x000001113dd886f8]
Event: 789.866 Thread 0x000001114862d2f0 11709       4       sun.util.locale.BaseLocale$Key::equals (109 bytes)
Event: 789.936 Thread 0x000001114862d2f0 nmethod 11709 0x000001113dc61190 code [0x000001113dc61460, 0x000001113dc622d8]
Event: 789.976 Thread 0x000001114862d2f0 11710       4       org.hibernate.metamodel.mapping.EntityMappingType::getRootEntityDescriptor (20 bytes)
Event: 789.979 Thread 0x000001114862d2f0 nmethod 11710 0x000001113de15c90 code [0x000001113de15e20, 0x000001113de15ef0]
Event: 790.037 Thread 0x000001114862d2f0 11711       4       com.mysql.cj.jdbc.ClientPreparedStatement$$Lambda/0x000001114a8198d8::apply (12 bytes)
Event: 790.061 Thread 0x000001114862d2f0 nmethod 11711 0x000001113dea9f90 code [0x000001113deaa160, 0x000001113deaa858]
Event: 790.082 Thread 0x000001114862d2f0 11712       4       org.apache.coyote.Response::getContentLength (18 bytes)
Event: 790.083 Thread 0x000001114862d2f0 nmethod 11712 0x000001113de2bb90 code [0x000001113de2bd00, 0x000001113de2bdc0]
Event: 790.086 Thread 0x000001114862d2f0 11713       4       org.hibernate.internal.util.NullnessHelper::coalesceSuppliedValues (68 bytes)
Event: 790.100 Thread 0x000001114862d2f0 nmethod 11713 0x000001113deab390 code [0x000001113deab560, 0x000001113deab880]
Event: 790.100 Thread 0x000001114862d2f0 11714       4       sun.util.calendar.ZoneInfo::getOffsets (342 bytes)
Event: 790.103 Thread 0x000001114862d2f0 nmethod 11714 0x000001113dd87e10 code [0x000001113dd87fa0, 0x000001113dd880a8]
Event: 790.103 Thread 0x000001114862d2f0 11715       4       com.mysql.cj.jdbc.result.ResultSetImpl::<init> (844 bytes)

GC Heap History (20 events):
Event: 757.760 GC heap before
{Heap before GC invocations=68 (full 0):
 garbage-first heap   total reserved 909312K, committed 64512K, used 57321K [0x00000000c8800000, 0x0000000100000000)
  region size 1024K, 29 young (29696K), 1 survivors (1024K)
 Metaspace       used 75875K, committed 76672K, reserved 1179648K
  class space    used 9922K, committed 10304K, reserved 1048576K
}
Event: 757.763 GC heap after
{Heap after GC invocations=69 (full 0):
 garbage-first heap   total reserved 909312K, committed 64512K, used 29701K [0x00000000c8800000, 0x0000000100000000)
  region size 1024K, 1 young (1024K), 1 survivors (1024K)
 Metaspace       used 75875K, committed 76672K, reserved 1179648K
  class space    used 9922K, committed 10304K, reserved 1048576K
}
Event: 758.564 GC heap before
{Heap before GC invocations=69 (full 0):
 garbage-first heap   total reserved 909312K, committed 64512K, used 57349K [0x00000000c8800000, 0x0000000100000000)
  region size 1024K, 29 young (29696K), 1 survivors (1024K)
 Metaspace       used 75875K, committed 76672K, reserved 1179648K
  class space    used 9922K, committed 10304K, reserved 1048576K
}
Event: 758.596 GC heap after
{Heap after GC invocations=70 (full 0):
 garbage-first heap   total reserved 909312K, committed 64512K, used 29484K [0x00000000c8800000, 0x0000000100000000)
  region size 1024K, 1 young (1024K), 1 survivors (1024K)
 Metaspace       used 75875K, committed 76672K, reserved 1179648K
  class space    used 9922K, committed 10304K, reserved 1048576K
}
Event: 759.429 GC heap before
{Heap before GC invocations=70 (full 0):
 garbage-first heap   total reserved 909312K, committed 64512K, used 57132K [0x00000000c8800000, 0x0000000100000000)
  region size 1024K, 29 young (29696K), 1 survivors (1024K)
 Metaspace       used 75875K, committed 76672K, reserved 1179648K
  class space    used 9922K, committed 10304K, reserved 1048576K
}
Event: 759.432 GC heap after
{Heap after GC invocations=71 (full 0):
 garbage-first heap   total reserved 909312K, committed 64512K, used 29523K [0x00000000c8800000, 0x0000000100000000)
  region size 1024K, 1 young (1024K), 1 survivors (1024K)
 Metaspace       used 75875K, committed 76672K, reserved 1179648K
  class space    used 9922K, committed 10304K, reserved 1048576K
}
Event: 760.318 GC heap before
{Heap before GC invocations=72 (full 0):
 garbage-first heap   total reserved 909312K, committed 64512K, used 57171K [0x00000000c8800000, 0x0000000100000000)
  region size 1024K, 29 young (29696K), 1 survivors (1024K)
 Metaspace       used 75875K, committed 76672K, reserved 1179648K
  class space    used 9922K, committed 10304K, reserved 1048576K
}
Event: 760.321 GC heap after
{Heap after GC invocations=73 (full 0):
 garbage-first heap   total reserved 909312K, committed 64512K, used 29541K [0x00000000c8800000, 0x0000000100000000)
  region size 1024K, 1 young (1024K), 1 survivors (1024K)
 Metaspace       used 75875K, committed 76672K, reserved 1179648K
  class space    used 9922K, committed 10304K, reserved 1048576K
}
Event: 761.434 GC heap before
{Heap before GC invocations=73 (full 0):
 garbage-first heap   total reserved 909312K, committed 64512K, used 57189K [0x00000000c8800000, 0x0000000100000000)
  region size 1024K, 29 young (29696K), 1 survivors (1024K)
 Metaspace       used 75897K, committed 76736K, reserved 1179648K
  class space    used 9922K, committed 10304K, reserved 1048576K
}
Event: 761.438 GC heap after
{Heap after GC invocations=74 (full 0):
 garbage-first heap   total reserved 909312K, committed 64512K, used 29523K [0x00000000c8800000, 0x0000000100000000)
  region size 1024K, 1 young (1024K), 1 survivors (1024K)
 Metaspace       used 75897K, committed 76736K, reserved 1179648K
  class space    used 9922K, committed 10304K, reserved 1048576K
}
Event: 762.888 GC heap before
{Heap before GC invocations=75 (full 0):
 garbage-first heap   total reserved 909312K, committed 64512K, used 57171K [0x00000000c8800000, 0x0000000100000000)
  region size 1024K, 29 young (29696K), 1 survivors (1024K)
 Metaspace       used 75897K, committed 76736K, reserved 1179648K
  class space    used 9922K, committed 10304K, reserved 1048576K
}
Event: 762.890 GC heap after
{Heap after GC invocations=76 (full 0):
 garbage-first heap   total reserved 909312K, committed 64512K, used 29523K [0x00000000c8800000, 0x0000000100000000)
  region size 1024K, 1 young (1024K), 1 survivors (1024K)
 Metaspace       used 75897K, committed 76736K, reserved 1179648K
  class space    used 9922K, committed 10304K, reserved 1048576K
}
Event: 765.713 GC heap before
{Heap before GC invocations=76 (full 0):
 garbage-first heap   total reserved 909312K, committed 64512K, used 57171K [0x00000000c8800000, 0x0000000100000000)
  region size 1024K, 29 young (29696K), 1 survivors (1024K)
 Metaspace       used 75897K, committed 76736K, reserved 1179648K
  class space    used 9922K, committed 10304K, reserved 1048576K
}
Event: 765.716 GC heap after
{Heap after GC invocations=77 (full 0):
 garbage-first heap   total reserved 909312K, committed 64512K, used 29464K [0x00000000c8800000, 0x0000000100000000)
  region size 1024K, 1 young (1024K), 1 survivors (1024K)
 Metaspace       used 75897K, committed 76736K, reserved 1179648K
  class space    used 9922K, committed 10304K, reserved 1048576K
}
Event: 769.792 GC heap before
{Heap before GC invocations=78 (full 0):
 garbage-first heap   total reserved 909312K, committed 64512K, used 57112K [0x00000000c8800000, 0x0000000100000000)
  region size 1024K, 29 young (29696K), 1 survivors (1024K)
 Metaspace       used 75897K, committed 76736K, reserved 1179648K
  class space    used 9922K, committed 10304K, reserved 1048576K
}
Event: 769.795 GC heap after
{Heap after GC invocations=79 (full 0):
 garbage-first heap   total reserved 909312K, committed 64512K, used 29418K [0x00000000c8800000, 0x0000000100000000)
  region size 1024K, 1 young (1024K), 1 survivors (1024K)
 Metaspace       used 75897K, committed 76736K, reserved 1179648K
  class space    used 9922K, committed 10304K, reserved 1048576K
}
Event: 772.133 GC heap before
{Heap before GC invocations=79 (full 0):
 garbage-first heap   total reserved 909312K, committed 64512K, used 57066K [0x00000000c8800000, 0x0000000100000000)
  region size 1024K, 29 young (29696K), 1 survivors (1024K)
 Metaspace       used 75899K, committed 76736K, reserved 1179648K
  class space    used 9922K, committed 10304K, reserved 1048576K
}
Event: 772.137 GC heap after
{Heap after GC invocations=80 (full 0):
 garbage-first heap   total reserved 909312K, committed 64512K, used 29420K [0x00000000c8800000, 0x0000000100000000)
  region size 1024K, 1 young (1024K), 1 survivors (1024K)
 Metaspace       used 75899K, committed 76736K, reserved 1179648K
  class space    used 9922K, committed 10304K, reserved 1048576K
}
Event: 789.073 GC heap before
{Heap before GC invocations=81 (full 0):
 garbage-first heap   total reserved 909312K, committed 64512K, used 57068K [0x00000000c8800000, 0x0000000100000000)
  region size 1024K, 29 young (29696K), 1 survivors (1024K)
 Metaspace       used 75906K, committed 76736K, reserved 1179648K
  class space    used 9923K, committed 10304K, reserved 1048576K
}
Event: 789.076 GC heap after
{Heap after GC invocations=82 (full 0):
 garbage-first heap   total reserved 909312K, committed 64512K, used 29409K [0x00000000c8800000, 0x0000000100000000)
  region size 1024K, 1 young (1024K), 1 survivors (1024K)
 Metaspace       used 75906K, committed 76736K, reserved 1179648K
  class space    used 9923K, committed 10304K, reserved 1048576K
}

Dll operation events (15 events):
Event: 0.236 Loaded shared library C:\Program Files\Java\jdk-22\bin\java.dll
Event: 0.620 Loaded shared library C:\Program Files\Java\jdk-22\bin\jsvml.dll
Event: 1.753 Loaded shared library C:\Program Files\Java\jdk-22\bin\zip.dll
Event: 1.772 Loaded shared library C:\Program Files\Java\jdk-22\bin\instrument.dll
Event: 1.794 Loaded shared library C:\Program Files\Java\jdk-22\bin\net.dll
Event: 1.805 Loaded shared library C:\Program Files\Java\jdk-22\bin\nio.dll
Event: 1.819 Loaded shared library C:\Program Files\Java\jdk-22\bin\zip.dll
Event: 2.650 Loaded shared library C:\Program Files\JetBrains\IntelliJ IDEA Community Edition 2023.3.6\bin\breakgen64.dll
Event: 2.688 Loaded shared library C:\Program Files\Java\jdk-22\bin\extnet.dll
Event: 2.706 Loaded shared library C:\Program Files\Java\jdk-22\bin\jimage.dll
Event: 8.401 Loaded shared library C:\Program Files\Java\jdk-22\bin\le.dll
Event: 11.872 Loaded shared library C:\Program Files\Java\jdk-22\bin\sunmscapi.dll
Event: 28.694 Loaded shared library C:\Program Files\Java\jdk-22\bin\management.dll
Event: 28.709 Loaded shared library C:\Program Files\Java\jdk-22\bin\management_ext.dll
Event: 35.723 Loaded shared library C:\Program Files\Java\jdk-22\bin\verify.dll

Deoptimization events (20 events):
Event: 755.505 Thread 0x000001118fe22c60 DEOPT PACKING pc=0x000001113df3a824 sp=0x000000075f2fa480
Event: 755.505 Thread 0x000001118fe22c60 DEOPT UNPACKING pc=0x000001113d6946a2 sp=0x000000075f2fa3f8 mode 2
Event: 757.462 Thread 0x000001118fe218b0 Uncommon trap: trap_request=0xffffffd6 fr.pc=0x000001113dce8810 relative=0x0000000000000170
Event: 757.462 Thread 0x000001118fe218b0 Uncommon trap: reason=array_check action=maybe_recompile pc=0x000001113dce8810 method=com.zaxxer.hikari.util.FastList.add(Ljava/lang/Object;)Z @ 28 c2
Event: 757.462 Thread 0x000001118fe218b0 DEOPT PACKING pc=0x000001113dce8810 sp=0x00000007616fc770
Event: 757.462 Thread 0x000001118fe218b0 DEOPT UNPACKING pc=0x000001113d6946a2 sp=0x00000007616fc708 mode 2
Event: 757.475 Thread 0x000001118fe21220 Uncommon trap: trap_request=0xffffffd6 fr.pc=0x000001113dce8810 relative=0x0000000000000170
Event: 757.475 Thread 0x000001118fe21220 Uncommon trap: reason=array_check action=maybe_recompile pc=0x000001113dce8810 method=com.zaxxer.hikari.util.FastList.add(Ljava/lang/Object;)Z @ 28 c2
Event: 757.475 Thread 0x000001118fe21220 DEOPT PACKING pc=0x000001113dce8810 sp=0x00000007615face0
Event: 757.475 Thread 0x000001118fe21220 DEOPT UNPACKING pc=0x000001113d6946a2 sp=0x00000007615fac78 mode 2
Event: 757.478 Thread 0x000001118fe21220 Uncommon trap: trap_request=0xffffffd6 fr.pc=0x000001113dce8810 relative=0x0000000000000170
Event: 757.478 Thread 0x000001118fe21220 Uncommon trap: reason=array_check action=maybe_recompile pc=0x000001113dce8810 method=com.zaxxer.hikari.util.FastList.add(Ljava/lang/Object;)Z @ 28 c2
Event: 757.478 Thread 0x000001118fe21220 DEOPT PACKING pc=0x000001113dce8810 sp=0x00000007615fa3d0
Event: 757.478 Thread 0x000001118fe21220 DEOPT UNPACKING pc=0x000001113d6946a2 sp=0x00000007615fa368 mode 2
Event: 757.480 Thread 0x000001118fe21220 Uncommon trap: trap_request=0xffffffd6 fr.pc=0x000001113dce8810 relative=0x0000000000000170
Event: 757.480 Thread 0x000001118fe21220 Uncommon trap: reason=array_check action=maybe_recompile pc=0x000001113dce8810 method=com.zaxxer.hikari.util.FastList.add(Ljava/lang/Object;)Z @ 28 c2
Event: 757.480 Thread 0x000001118fe21220 DEOPT PACKING pc=0x000001113dce8810 sp=0x00000007615fa3d0
Event: 757.480 Thread 0x000001118fe21220 DEOPT UNPACKING pc=0x000001113d6946a2 sp=0x00000007615fa368 mode 2
Event: 770.623 Thread 0x000001118fe20b90 DEOPT PACKING pc=0x0000011136254df5 sp=0x00000007613fc710
Event: 770.623 Thread 0x000001118fe20b90 DEOPT UNPACKING pc=0x000001113d694e42 sp=0x00000007613fbba0 mode 0

Classes loaded (20 events):
Event: 207.003 Loading class jdk/internal/reflect/MethodHandleDoubleFieldAccessorImpl
Event: 207.004 Loading class jdk/internal/reflect/MethodHandleDoubleFieldAccessorImpl done
Event: 207.335 Loading class java/util/stream/LongStream
Event: 207.336 Loading class java/util/stream/LongStream done
Event: 207.337 Loading class java/util/stream/DoubleStream
Event: 207.338 Loading class java/util/stream/DoubleStream done
Event: 277.664 Loading class java/io/PipedOutputStream
Event: 277.666 Loading class java/io/PipedOutputStream done
Event: 527.421 Loading class java/util/stream/ReferencePipeline$4
Event: 527.428 Loading class java/util/stream/ReferencePipeline$4 done
Event: 527.432 Loading class java/util/function/IntBinaryOperator
Event: 527.433 Loading class java/util/function/IntBinaryOperator done
Event: 527.439 Loading class java/util/stream/ReduceOps$7
Event: 527.446 Loading class java/util/stream/ReduceOps$7 done
Event: 527.447 Loading class java/util/stream/ReduceOps$6ReducingSink
Event: 527.450 Loading class java/util/stream/ReduceOps$6ReducingSink done
Event: 527.451 Loading class java/util/stream/ReferencePipeline$4$1
Event: 527.453 Loading class java/util/stream/ReferencePipeline$4$1 done
Event: 740.358 Loading class sun/util/locale/LocaleExtensions
Event: 740.644 Loading class sun/util/locale/LocaleExtensions done

Classes unloaded (0 events):
No events

Classes redefined (0 events):
No events

Internal exceptions (20 events):
Event: 63.850 Thread 0x000001112bbb8ce0 Exception <a 'java/lang/NoSuchMethodError'{0x00000000cb158b30}: 'java.lang.Object java.lang.invoke.DirectMethodHandle$Holder.newInvokeSpecial(java.lang.Object, java.lang.Object, int, java.lang.Object, java.lang.Object)'> (0x00000000cb158b30) 
thrown [s\open\src\hotspot\share\interpreter\linkResolver.cpp, line 774]
Event: 63.857 Thread 0x000001112bbb8ce0 Exception <a 'java/lang/NoSuchMethodError'{0x00000000cb1636a0}: 'java.lang.Object java.lang.invoke.DirectMethodHandle$Holder.invokeSpecial(java.lang.Object, java.lang.Object, int, java.lang.Object, int, java.lang.Object)'> (0x00000000cb1636a0) 
thrown [s\open\src\hotspot\share\interpreter\linkResolver.cpp, line 774]
Event: 63.859 Thread 0x000001112bbb8ce0 Exception <a 'java/lang/NoSuchMethodError'{0x00000000cb16a840}: 'java.lang.Object java.lang.invoke.DirectMethodHandle$Holder.newInvokeSpecial(java.lang.Object, java.lang.Object, int, java.lang.Object, int)'> (0x00000000cb16a840) 
thrown [s\open\src\hotspot\share\interpreter\linkResolver.cpp, line 774]
Event: 63.860 Thread 0x000001112bbb8ce0 Exception <a 'java/lang/NoSuchMethodError'{0x00000000cb16e6c0}: 'java.lang.Object java.lang.invoke.DirectMethodHandle$Holder.invokeSpecial(java.lang.Object, java.lang.Object, java.lang.Object, int, java.lang.Object, int)'> (0x00000000cb16e6c0) 
thrown [s\open\src\hotspot\share\interpreter\linkResolver.cpp, line 774]
Event: 203.770 Thread 0x000001118fe22c60 Exception <a 'java/lang/NoSuchMethodError'{0x00000000cae66b60}: 'java.lang.Object java.lang.invoke.DirectMethodHandle$Holder.invokeSpecial(java.lang.Object, java.lang.Object, java.lang.Object, java.lang.Object, java.lang.Object, long)'> (0x00000000cae66b60) 
thrown [s\open\src\hotspot\share\interpreter\linkResolver.cpp, line 774]
Event: 203.776 Thread 0x000001118fe22c60 Exception <a 'java/lang/NoSuchMethodError'{0x00000000cae6a320}: 'java.lang.Object java.lang.invoke.Invokers$Holder.linkToTargetMethod(java.lang.Object, java.lang.Object, java.lang.Object, long, java.lang.Object)'> (0x00000000cae6a320) 
thrown [s\open\src\hotspot\share\interpreter\linkResolver.cpp, line 774]
Event: 205.125 Thread 0x000001118fe22c60 Exception <a 'java/lang/NoSuchMethodError'{0x00000000caaf6dd0}: 'java.lang.Object java.lang.invoke.DirectMethodHandle$Holder.invokeVirtual(java.lang.Object, java.lang.Object, java.lang.Object, java.lang.Object, java.lang.Object, java.lang.Object, java.lang.Object)'> (0x00000000caaf6dd0) 
thrown [s\open\src\hotspot\share\interpreter\linkResolver.cpp, line 774]
Event: 205.908 Thread 0x000001118fe22c60 Exception <a 'java/lang/NoSuchMethodError'{0x00000000cb9c1c50}: 'void java.lang.invoke.DirectMethodHandle$Holder.invokeVirtual(java.lang.Object, java.lang.Object, double)'> (0x00000000cb9c1c50) 
thrown [s\open\src\hotspot\share\interpreter\linkResolver.cpp, line 774]
Event: 205.941 Thread 0x000001118fe22c60 Exception <a 'java/lang/NoSuchMethodError'{0x00000000cb9cc4b8}: 'double java.lang.invoke.DelegatingMethodHandle$Holder.reinvoke_L(java.lang.Object, java.lang.Object, int)'> (0x00000000cb9cc4b8) 
thrown [s\open\src\hotspot\share\interpreter\linkResolver.cpp, line 774]
Event: 205.964 Thread 0x000001118fe22c60 Exception <a 'java/lang/NoSuchMethodError'{0x00000000cb9d66f0}: 'void java.lang.invoke.DelegatingMethodHandle$Holder.reinvoke_L(java.lang.Object, java.lang.Object, double)'> (0x00000000cb9d66f0) 
thrown [s\open\src\hotspot\share\interpreter\linkResolver.cpp, line 774]
Event: 206.455 Thread 0x000001118fe22c60 Implicit null exception at 0x000001113ded43c1 to 0x000001113ded44ac
Event: 206.511 Thread 0x000001118fe22c60 Exception <a 'java/lang/NoSuchMethodError'{0x00000000cb3f7208}: 'void java.lang.invoke.DirectMethodHandle$Holder.invokeSpecialIFC(java.lang.Object, java.lang.Object, int, java.lang.Object, java.lang.Object, java.lang.Object, java.lang.Object)'> (0x00000000cb3f7208) 
thrown [s\open\src\hotspot\share\interpreter\linkResolver.cpp, line 774]
Event: 206.929 Thread 0x000001118fe22c60 Exception <a 'java/lang/NoSuchMethodError'{0x00000000cafb14f8}: 'double java.lang.invoke.DirectMethodHandle$Holder.invokeVirtual(java.lang.Object, java.lang.Object)'> (0x00000000cafb14f8) 
thrown [s\open\src\hotspot\share\interpreter\linkResolver.cpp, line 774]
Event: 206.930 Thread 0x000001118fe22c60 Exception <a 'java/lang/NoSuchMethodError'{0x00000000cafb4ef8}: 'double java.lang.invoke.DelegatingMethodHandle$Holder.reinvoke_L(java.lang.Object, java.lang.Object)'> (0x00000000cafb4ef8) 
thrown [s\open\src\hotspot\share\interpreter\linkResolver.cpp, line 774]
Event: 207.005 Thread 0x000001118fe22c60 Exception <a 'java/lang/NoSuchMethodError'{0x00000000cae6fd80}: 'double java.lang.invoke.Invokers$Holder.invokeExact_MT(java.lang.Object, java.lang.Object, java.lang.Object)'> (0x00000000cae6fd80) 
thrown [s\open\src\hotspot\share\interpreter\linkResolver.cpp, line 774]
Event: 207.133 Thread 0x000001118fe22c60 Exception <a 'java/lang/NoSuchMethodError'{0x00000000cb960728}: 'int java.lang.invoke.DirectMethodHandle$Holder.invokeStatic(java.lang.Object, java.lang.Object, int, int)'> (0x00000000cb960728) 
thrown [s\open\src\hotspot\share\interpreter\linkResolver.cpp, line 774]
Event: 277.134 Thread 0x000001118fe23980 Exception <a 'java/lang/NoSuchMethodError'{0x00000000cb612870}: 'java.lang.Object java.lang.invoke.DirectMethodHandle$Holder.invokeInterface(java.lang.Object, java.lang.Object, java.lang.Object, java.lang.Object)'> (0x00000000cb612870) 
thrown [s\open\src\hotspot\share\interpreter\linkResolver.cpp, line 774]
Event: 277.165 Thread 0x000001118fe23980 Exception <a 'java/lang/NoSuchMethodError'{0x00000000cb6267c0}: 'java.lang.Object java.lang.invoke.DirectMethodHandle$Holder.invokeInterface(java.lang.Object, java.lang.Object, java.lang.Object, java.lang.Object, java.lang.Object)'> (0x00000000cb6267c0) 
thrown [s\open\src\hotspot\share\interpreter\linkResolver.cpp, line 774]
Event: 358.245 Thread 0x000001118fe21f40 Implicit null exception at 0x000001113df467c1 to 0x000001113df47778
Event: 531.273 Thread 0x000001118fe232f0 Exception <a 'java/lang/IncompatibleClassChangeError'{0x00000000cae731d0}: Found class java.lang.Object, but interface was expected> (0x00000000cae731d0) 
thrown [s\open\src\hotspot\share\interpreter\linkResolver.cpp, line 841]

ZGC Phase Switch (0 events):
No events

VM Operations (20 events):
Event: 772.274 Executing VM operation: G1PauseRemark
Event: 772.658 Executing VM operation: G1PauseRemark done
Event: 772.709 Executing VM operation: G1PauseCleanup
Event: 772.785 Executing VM operation: G1PauseCleanup done
Event: 773.796 Executing VM operation: Cleanup
Event: 773.797 Executing VM operation: Cleanup done
Event: 775.822 Executing VM operation: Cleanup
Event: 775.822 Executing VM operation: Cleanup done
Event: 781.866 Executing VM operation: Cleanup
Event: 781.866 Executing VM operation: Cleanup done
Event: 782.348 Executing VM operation: HandshakeAllThreads (HandshakeForDeflation)
Event: 782.348 Executing VM operation: HandshakeAllThreads (HandshakeForDeflation) done
Event: 782.348 Executing VM operation: RendezvousGCThreads
Event: 782.348 Executing VM operation: RendezvousGCThreads done
Event: 783.362 Executing VM operation: Cleanup
Event: 783.362 Executing VM operation: Cleanup done
Event: 789.073 Executing VM operation: G1CollectForAllocation (G1 Evacuation Pause)
Event: 789.076 Executing VM operation: G1CollectForAllocation (G1 Evacuation Pause) done
Event: 790.077 Executing VM operation: Cleanup
Event: 790.078 Executing VM operation: Cleanup done

Events (20 events):
Event: 765.868 Thread 0x000001112de77950 flushing nmethod 0x0000011136d65390
Event: 765.868 Thread 0x000001112de77950 flushing nmethod 0x0000011136d6a590
Event: 765.868 Thread 0x000001112de77950 flushing nmethod 0x0000011136e8f190
Event: 772.587 Thread 0x000001112de77950 flushing nmethod 0x00000111361fbb90
Event: 772.587 Thread 0x000001112de77950 flushing nmethod 0x0000011136a37790
Event: 772.587 Thread 0x000001112de77950 flushing nmethod 0x0000011136dbb710
Event: 772.587 Thread 0x000001112de77950 flushing nmethod 0x0000011136df4110
Event: 772.587 Thread 0x000001112de77950 flushing nmethod 0x0000011136f0ba10
Event: 772.587 Thread 0x000001112de77950 flushing nmethod 0x0000011136f0c290
Event: 772.587 Thread 0x000001112de77950 flushing nmethod 0x0000011136473a10
Event: 772.587 Thread 0x000001112de77950 flushing nmethod 0x0000011136755490
Event: 772.587 Thread 0x000001112de77950 flushing nmethod 0x0000011136e7cb90
Event: 772.587 Thread 0x000001112de77950 flushing nmethod 0x0000011136f2e510
Event: 772.587 Thread 0x000001112de77950 flushing nmethod 0x000001113646fb10
Event: 772.657 Thread 0x000001112de77950 flushing nmethod 0x0000011136d8cc10
Event: 772.657 Thread 0x000001112de77950 flushing nmethod 0x0000011136d94490
Event: 772.657 Thread 0x000001112de77950 flushing nmethod 0x0000011136efa610
Event: 772.657 Thread 0x000001112de77950 flushing nmethod 0x0000011136f00d10
Event: 772.657 Thread 0x000001112de77950 flushing nmethod 0x0000011136f05d90
Event: 772.657 Thread 0x000001112de77950 flushing nmethod 0x0000011136f30b10


Dynamic libraries:
0x00007ff66f3e0000 - 0x00007ff66f3f0000 	C:\Program Files\Java\jdk-22\bin\java.exe
0x00007ffa29a10000 - 0x00007ffa29c05000 	C:\WINDOWS\SYSTEM32\ntdll.dll
0x00007ffa298b0000 - 0x00007ffa2996d000 	C:\WINDOWS\System32\KERNEL32.DLL
0x00007ffa275a0000 - 0x00007ffa2786d000 	C:\WINDOWS\System32\KERNELBASE.dll
0x00007ffa279b0000 - 0x00007ffa27ab0000 	C:\WINDOWS\System32\ucrtbase.dll
0x00007ffa1abd0000 - 0x00007ffa1abeb000 	C:\Program Files\Java\jdk-22\bin\VCRUNTIME140.dll
0x00007ffa1f150000 - 0x00007ffa1f167000 	C:\Program Files\Java\jdk-22\bin\jli.dll
0x00007ffa282b0000 - 0x00007ffa2835e000 	C:\WINDOWS\System32\ADVAPI32.dll
0x00007ffa27c90000 - 0x00007ffa27d2e000 	C:\WINDOWS\System32\msvcrt.dll
0x00007ffa28e20000 - 0x00007ffa28ebc000 	C:\WINDOWS\System32\sechost.dll
0x00007ffa29620000 - 0x00007ffa29745000 	C:\WINDOWS\System32\RPCRT4.dll
0x00007ffa28620000 - 0x00007ffa287c0000 	C:\WINDOWS\System32\USER32.dll
0x00007ffa272c0000 - 0x00007ffa272e2000 	C:\WINDOWS\System32\win32u.dll
0x00007ffa1a850000 - 0x00007ffa1aaea000 	C:\WINDOWS\WinSxS\amd64_microsoft.windows.common-controls_6595b64144ccf1df_6.0.19041.1110_none_60b5254171f9507e\COMCTL32.dll
0x00007ffa28160000 - 0x00007ffa2818a000 	C:\WINDOWS\System32\GDI32.dll
0x00007ffa27870000 - 0x00007ffa2797b000 	C:\WINDOWS\System32\gdi32full.dll
0x00007ffa27ab0000 - 0x00007ffa27b4d000 	C:\WINDOWS\System32\msvcp_win.dll
0x00007ffa1edd0000 - 0x00007ffa1edda000 	C:\WINDOWS\SYSTEM32\VERSION.dll
0x00007ffa28540000 - 0x00007ffa28570000 	C:\WINDOWS\System32\IMM32.DLL
0x00007ffa1e4e0000 - 0x00007ffa1e4ec000 	C:\Program Files\Java\jdk-22\bin\vcruntime140_1.dll
0x00007ff9d2e00000 - 0x00007ff9d2e8e000 	C:\Program Files\Java\jdk-22\bin\msvcp140.dll
0x00007ff9c8eb0000 - 0x00007ff9c9bf8000 	C:\Program Files\Java\jdk-22\bin\server\jvm.dll
0x00007ffa280f0000 - 0x00007ffa2815b000 	C:\WINDOWS\System32\WS2_32.dll
0x00007ffa26fd0000 - 0x00007ffa2701b000 	C:\WINDOWS\SYSTEM32\POWRPROF.dll
0x00007ffa1eda0000 - 0x00007ffa1edc7000 	C:\WINDOWS\SYSTEM32\WINMM.dll
0x00007ffa26fb0000 - 0x00007ffa26fc2000 	C:\WINDOWS\SYSTEM32\UMPDC.dll
0x00007ffa25110000 - 0x00007ffa25122000 	C:\WINDOWS\SYSTEM32\kernel.appcore.dll
0x00007ffa1e260000 - 0x00007ffa1e26a000 	C:\Program Files\Java\jdk-22\bin\jimage.dll
0x00007ffa15040000 - 0x00007ffa15224000 	C:\WINDOWS\SYSTEM32\DBGHELP.DLL
0x00007ffa15010000 - 0x00007ffa1503c000 	C:\WINDOWS\SYSTEM32\dbgcore.DLL
0x00007ffa27360000 - 0x00007ffa273e2000 	C:\WINDOWS\System32\bcryptPrimitives.dll
0x00007ffa1ae10000 - 0x00007ffa1ae1f000 	C:\Program Files\Java\jdk-22\bin\instrument.dll
0x00007ffa1a7b0000 - 0x00007ffa1a7ce000 	C:\Program Files\Java\jdk-22\bin\java.dll
0x00007ffa28ed0000 - 0x00007ffa29614000 	C:\WINDOWS\System32\SHELL32.dll
0x00007ffa28410000 - 0x00007ffa2853a000 	C:\WINDOWS\System32\ole32.dll
0x00007ffa27d30000 - 0x00007ffa28084000 	C:\WINDOWS\System32\combase.dll
0x00007ffa25310000 - 0x00007ffa25aa4000 	C:\WINDOWS\SYSTEM32\windows.storage.dll
0x00007ffa26c00000 - 0x00007ffa26c2c000 	C:\WINDOWS\SYSTEM32\Wldp.dll
0x00007ffa28360000 - 0x00007ffa2840d000 	C:\WINDOWS\System32\SHCORE.dll
0x00007ffa29970000 - 0x00007ffa299c5000 	C:\WINDOWS\System32\shlwapi.dll
0x00007ffa27150000 - 0x00007ffa2716f000 	C:\WINDOWS\SYSTEM32\profapi.dll
0x00007ff9d21d0000 - 0x00007ff9d22a7000 	C:\Program Files\Java\jdk-22\bin\jsvml.dll
0x00007ffa18490000 - 0x00007ffa184a7000 	C:\Program Files\Java\jdk-22\bin\zip.dll
0x00007ffa1a790000 - 0x00007ffa1a7a0000 	C:\Program Files\Java\jdk-22\bin\net.dll
0x00007ffa26900000 - 0x00007ffa2696a000 	C:\WINDOWS\system32\mswsock.dll
0x00007ffa1a570000 - 0x00007ffa1a586000 	C:\Program Files\Java\jdk-22\bin\nio.dll
0x00007ffa184c0000 - 0x00007ffa184da000 	C:\Program Files\JetBrains\IntelliJ IDEA Community Edition 2023.3.6\bin\breakgen64.dll
0x00007ffa1a780000 - 0x00007ffa1a789000 	C:\Program Files\Java\jdk-22\bin\extnet.dll
0x00007ffa248b0000 - 0x00007ffa248bb000 	C:\Program Files\Java\jdk-22\bin\le.dll
0x00007ffa248a0000 - 0x00007ffa248ae000 	C:\Program Files\Java\jdk-22\bin\sunmscapi.dll
0x00007ffa273f0000 - 0x00007ffa27546000 	C:\WINDOWS\System32\CRYPT32.dll
0x00007ffa26c70000 - 0x00007ffa26c97000 	C:\WINDOWS\SYSTEM32\ncrypt.dll
0x00007ffa26c30000 - 0x00007ffa26c6b000 	C:\WINDOWS\SYSTEM32\NTASN1.dll
0x00007ffa26af0000 - 0x00007ffa26b08000 	C:\WINDOWS\SYSTEM32\CRYPTSP.dll
0x00007ffa26280000 - 0x00007ffa262b4000 	C:\WINDOWS\system32\rsaenh.dll
0x00007ffa27980000 - 0x00007ffa279a7000 	C:\WINDOWS\System32\bcrypt.dll
0x00007ffa27110000 - 0x00007ffa2713e000 	C:\WINDOWS\SYSTEM32\USERENV.dll
0x00007ffa26b10000 - 0x00007ffa26b1c000 	C:\WINDOWS\SYSTEM32\CRYPTBASE.dll
0x00007ffa265f0000 - 0x00007ffa2662b000 	C:\WINDOWS\SYSTEM32\IPHLPAPI.DLL
0x00007ffa28ec0000 - 0x00007ffa28ec8000 	C:\WINDOWS\System32\NSI.dll
0x00007ffa1a7a0000 - 0x00007ffa1a7aa000 	C:\Program Files\Java\jdk-22\bin\management.dll
0x00007ffa1a5b0000 - 0x00007ffa1a5bb000 	C:\Program Files\Java\jdk-22\bin\management_ext.dll
0x00007ffa28c60000 - 0x00007ffa28c68000 	C:\WINDOWS\System32\PSAPI.DLL
0x00007ffa09ea0000 - 0x00007ffa09eb0000 	C:\Program Files\Java\jdk-22\bin\verify.dll
0x00007ffa26630000 - 0x00007ffa266fb000 	C:\WINDOWS\SYSTEM32\DNSAPI.dll
0x00007ffa15d90000 - 0x00007ffa15d9a000 	C:\Windows\System32\rasadhlp.dll
0x00007ffa1d590000 - 0x00007ffa1d610000 	C:\WINDOWS\System32\fwpuclnt.dll
0x00007ffa14de0000 - 0x00007ffa14de7000 	C:\WINDOWS\system32\wshunix.dll

dbghelp: loaded successfully - version: 4.0.5 - missing functions: none
symbol engine: initialized successfully - sym options: 0x614 - pdb path: .;C:\Program Files\Java\jdk-22\bin;C:\WINDOWS\SYSTEM32;C:\WINDOWS\WinSxS\amd64_microsoft.windows.common-controls_6595b64144ccf1df_6.0.19041.1110_none_60b5254171f9507e;C:\Program Files\Java\jdk-22\bin\server;C:\Program Files\JetBrains\IntelliJ IDEA Community Edition 2023.3.6\bin

VM Arguments:
jvm_args: -javaagent:C:\Program Files\JetBrains\IntelliJ IDEA Community Edition 2023.3.6\lib\idea_rt.jar=61625:C:\Program Files\JetBrains\IntelliJ IDEA Community Edition 2023.3.6\bin -Dfile.encoding=UTF-8 -Dsun.stdout.encoding=UTF-8 -Dsun.stderr.encoding=UTF-8 
java_command: com.numetry.Travel.and.Tourism.Management.System.TravelAndTourismManagementSystemApplication
java_class_path (initial): E:\Travel-and-Tourism-Management-System\target\classes;C:\Users\Allcom\.m2\repository\org\springframework\boot\spring-boot-starter-data-jpa\3.2.5\spring-boot-starter-data-jpa-3.2.5.jar;C:\Users\Allcom\.m2\repository\org\springframework\boot\spring-boot-starter-aop\3.2.5\spring-boot-starter-aop-3.2.5.jar;C:\Users\Allcom\.m2\repository\org\springframework\spring-aop\6.1.6\spring-aop-6.1.6.jar;C:\Users\Allcom\.m2\repository\org\aspectj\aspectjweaver\1.9.22\aspectjweaver-1.9.22.jar;C:\Users\Allcom\.m2\repository\org\springframework\boot\spring-boot-starter-jdbc\3.2.5\spring-boot-starter-jdbc-3.2.5.jar;C:\Users\Allcom\.m2\repository\com\zaxxer\HikariCP\5.0.1\HikariCP-5.0.1.jar;C:\Users\Allcom\.m2\repository\org\springframework\spring-jdbc\6.1.6\spring-jdbc-6.1.6.jar;C:\Users\Allcom\.m2\repository\org\hibernate\orm\hibernate-core\6.4.4.Final\hibernate-core-6.4.4.Final.jar;C:\Users\Allcom\.m2\repository\jakarta\persistence\jakarta.persistence-api\3.1.0\jakarta.persistence-api-3.1.0.jar;C:\Users\Allcom\.m2\repository\jakarta\transaction\jakarta.transaction-api\2.0.1\jakarta.transaction-api-2.0.1.jar;C:\Users\Allcom\.m2\repository\org\jboss\logging\jboss-logging\3.5.3.Final\jboss-logging-3.5.3.Final.jar;C:\Users\Allcom\.m2\repository\org\hibernate\common\hibernate-commons-annotations\6.0.6.Final\hibernate-commons-annotations-6.0.6.Final.jar;C:\Users\Allcom\.m2\repository\io\smallrye\jandex\3.1.2\jandex-3.1.2.jar;C:\Users\Allcom\.m2\repository\com\fasterxml\classmate\1.6.0\classmate-1.6.0.jar;C:\Users\Allcom\.m2\repository\net\bytebuddy\byte-buddy\1.14.13\byte-buddy-1.14.13.jar;C:\Users\Allcom\.m2\repository\org\glassfish\jaxb\jaxb-runtime\4.0.5\jaxb-runtime-4.0.5.jar;C:\Users\Allcom\.m2\repository\org\glassfish\jaxb\jaxb-core\4.0.5\jaxb-core-4.0.5.jar;C:\Users\Allcom\.m2\repository\org\eclipse\angus\angus-activation\2.0.2\angus-activation-2.0.2.jar;C:\Users\Allcom\.m2\repository\org\glassfish\jaxb\txw2\4.0.5\txw2-4.0.5.jar;C:\Users\Allcom\.m2\repository\com\sun\istack\istack-commons-runtime\4.1.2\istack-commons-runtime-4.1.2.jar;C:\Users\Allcom\.m2\repository\jakarta\inject\jakarta.inject-api\2.0.1\jakarta.inject-api-2.0.1.jar;C:\Users\Allcom\.m2\repository\org\antlr\antlr4-runtime\4.13.0\antlr4-runtime-4.13.0.jar;C:\Users\Allcom\.m2\repository\org\springframework\data\spring-data-jpa\3.2.5\spring-data-jpa-3.2.5.jar;C:\Users\Allcom\.m2\repository\org\springframework\data\spring-data-commons\3.2.5\spring-data-commons-3.2.5.jar;C:\Users\Allcom\.m2\repository\org\springframework\spring-orm\6.1.6\spring-orm-6.1.6.jar;C:\Users\Allcom\.m2\repository\org\springframework\spring-context\6.1.6\spring-context-6.1.6.jar;C:\Users\Allcom\.m2\repository\org\springframework\spring-tx\6.1.6\spring-tx-6.1.6.jar;C:\Users\Allcom\.m2\repository\org\springframework\spring-beans\6.1.6\spring-beans-6.1.6.jar;C:\Users\Allcom\.m2\repository\jakarta\annotation\jakarta.annotation-api\2.1.1\jakarta.annotation-api-2.1.1.jar;C:\Users\Allcom\.m2\repository\org\slf4j\slf4j-api\2.0.13\slf4j-api-2.0.13.jar;C:\Users\Allcom\.m2\repository\org\springframework\spring-aspects\6.1.6\spring-aspects-6.1.6.jar;C:\Users\Allcom\.m2\repository\org\springframework\boot\spring-boot-starter-web\3.2.5\spring-boot-starter-web-3.2.5.jar;C:\Users\Allcom\.m2\repository\org\springframework\boot\spring-boot-starter\3.2.5\spring-boot-starter-3.2.5.jar;C:\Users\Allcom\.m2\repository\org\springframework\boot\spring-boot\3.2.5\spring-boot-3.2.5.jar;C:\Users\Allcom\.m2\repository\org\springframework\boot\spring-boot-autoconfigure\3.2.5\spring-boot-autoconfigure-3.2.5.jar;C:\Users\Allcom\.m2\repository\org\springframework\boot\spring-boot-starter-logging\3.2.5\spring-boot-starter-logging-3.2.5.jar;C:\Users\Allcom\.m2\repository\ch\qos\logback\logback-classic\1.4.14\logback-classic-1.4.14.jar;C:\Users\Allcom\.m2\repository\ch\qos\logback\logback-core\1.4.14\logback-core-1.4.14.jar;C:\Users\Allcom\.m2\repository\org\apache\logging\log4j\log4j-to-slf4j\2.21.1\log4j-to-slf4j-2.21.1.jar;C:\Users\Allcom\.m2\repository\org\apache\logging\log4j\log4j-api\2.21.1\log4j-api-2.21.1.jar;C:\Users\Allcom\.m2\repository\org\slf4j\jul-to-slf4j\2.0.13\jul-to-slf4j-2.0.13.jar;C:\Users\Allcom\.m2\repository\org\yaml\snakeyaml\2.2\snakeyaml-2.2.jar;C:\Users\Allcom\.m2\repository\org\springframework\boot\spring-boot-starter-json\3.2.5\spring-boot-starter-json-3.2.5.jar;C:\Users\Allcom\.m2\repository\com\fasterxml\jackson\core\jackson-databind\2.15.4\jackson-databind-2.15.4.jar;C:\Users\Allcom\.m2\repository\com\fasterxml\jackson\core\jackson-annotations\2.15.4\jackson-annotations-2.15.4.jar;C:\Users\Allcom\.m2\repository\com\fasterxml\jackson\core\jackson-core\2.15.4\jackson-core-2.15.4.jar;C:\Users\Allcom\.m2\repository\com\fasterxml\jackson\datatype\jackson-datatype-jdk8\2.15.4\jackson-datatype-jdk8-2.15.4.jar;C:\Users\Allcom\.m2\repository\com\fasterxml\jackson\datatype\jackson-datatype-jsr310\2.15.4\jackson-datatype-jsr310-2.15.4.jar;C:\Users\Allcom\.m2\repository\com\fasterxml\jackson\module\jackson-module-parameter-names\2.15.4\jackson-module-parameter-names-2.15.4.jar;C:\Users\Allcom\.m2\repository\org\springframework\boot\spring-boot-starter-tomcat\3.2.5\spring-boot-starter-tomcat-3.2.5.jar;C:\Users\Allcom\.m2\repository\org\apache\tomcat\embed\tomcat-embed-core\10.1.20\tomcat-embed-core-10.1.20.jar;C:\Users\Allcom\.m2\repository\org\apache\tomcat\embed\tomcat-embed-el\10.1.20\tomcat-embed-el-10.1.20.jar;C:\Users\Allcom\.m2\repository\org\apache\tomcat\embed\tomcat-embed-websocket\10.1.20\tomcat-embed-websocket-10.1.20.jar;C:\Users\Allcom\.m2\repository\org\springframework\spring-web\6.1.6\spring-web-6.1.6.jar;C:\Users\Allcom\.m2\repository\io\micrometer\micrometer-observation\1.12.5\micrometer-observation-1.12.5.jar;C:\Users\Allcom\.m2\repository\io\micrometer\micrometer-commons\1.12.5\micrometer-commons-1.12.5.jar;C:\Users\Allcom\.m2\repository\org\springframework\spring-webmvc\6.1.6\spring-webmvc-6.1.6.jar;C:\Users\Allcom\.m2\repository\org\springframework\spring-expression\6.1.6\spring-expression-6.1.6.jar;C:\Users\Allcom\.m2\repository\org\modelmapper\modelmapper\3.0.0\modelmapper-3.0.0.jar;C:\Users\Allcom\.m2\repository\com\mysql\mysql-connector-j\8.3.0\mysql-connector-j-8.3.0.jar;C:\Users\Allcom\.m2\repository\org\projectlombok\lombok\1.18.32\lombok-1.18.32.jar;C:\Users\Allcom\.m2\repository\jakarta\xml\bind\jakarta.xml.bind-api\4.0.2\jakarta.xml.bind-api-4.0.2.jar;C:\Users\Allcom\.m2\repository\jakarta\activation\jakarta.activation-api\2.1.3\jakarta.activation-api-2.1.3.jar;C:\Users\Allcom\.m2\repository\org\springframework\spring-core\6.1.6\spring-core-6.1.6.jar;C:\Users\Allcom\.m2\repository\org\springframework\spring-jcl\6.1.6\spring-jcl-6.1.6.jar
Launcher Type: SUN_STANDARD

[Global flags]
     intx CICompilerCount                          = 3                                         {product} {ergonomic}
     uint ConcGCThreads                            = 1                                         {product} {ergonomic}
     uint G1ConcRefinementThreads                  = 4                                         {product} {ergonomic}
   size_t G1HeapRegionSize                         = 1048576                                   {product} {ergonomic}
   size_t InitialHeapSize                          = 58720256                                  {product} {ergonomic}
   size_t MarkStackSize                            = 4194304                                   {product} {ergonomic}
   size_t MaxHeapSize                              = 931135488                                 {product} {ergonomic}
   size_t MaxNewSize                               = 557842432                                 {product} {ergonomic}
   size_t MinHeapDeltaBytes                        = 1048576                                   {product} {ergonomic}
   size_t MinHeapSize                              = 8388608                                   {product} {ergonomic}
    uintx NonNMethodCodeHeapSize                   = 5832780                                {pd product} {ergonomic}
    uintx NonProfiledCodeHeapSize                  = 122912730                              {pd product} {ergonomic}
    uintx ProfiledCodeHeapSize                     = 122912730                              {pd product} {ergonomic}
    uintx ReservedCodeCacheSize                    = 251658240                              {pd product} {ergonomic}
     bool SegmentedCodeCache                       = true                                      {product} {ergonomic}
   size_t SoftMaxHeapSize                          = 931135488                              {manageable} {ergonomic}
     bool UseCompressedOops                        = true                           {product lp64_product} {ergonomic}
     bool UseG1GC                                  = true                                      {product} {ergonomic}
     bool UseLargePagesIndividualAllocation        = false                                  {pd product} {ergonomic}

Logging:
Log output configuration:
 #0: stdout all=warning uptime,level,tags foldmultilines=false
 #1: stderr all=off uptime,level,tags foldmultilines=false

Environment Variables:
JAVA_HOME=C:\Program Files\Java\jdk-22
PATH=C:\Program Files\Java\jdk-22\bin;C:\Program Files\nodejs\;C:\Program Files\apache-maven-3.9.6\bin;C:\Program Files\MySQL\MySQL Workbench 8.0 CE;C:\Program Files\MySQL\MySQL Utilities 1.6\;C:\Windows\System32;C:\Program Files\MySQL\MySQL Server 8.3\bin;C:\Program Files\Git\cmd;C:\Program Files\Git\bin;%SystemRoot%\system32;%SystemRoot%;%SystemRoot%\System32\Wbem;%SYSTEMROOT%\System32\WindowsPowerShell\v1.0\;%SYSTEMROOT%\System32\OpenSSH\;;C:\Users\Allcom\AppData\Local\Programs\Microsoft VS Code\bin;C:\Users\Allcom\AppData\Roaming\npm;C:\Program Files\JetBrains\IntelliJ IDEA Community Edition 2023.3.6\bin;;C:\Program Files\MySQL\MySQL Workbench 8.0 CE;C:\Users\Allcom\AppData\Local\Microsoft\WindowsApps
USERNAME=Allcom
OS=Windows_NT
PROCESSOR_IDENTIFIER=AMD64 Family 22 Model 48 Stepping 1, AuthenticAMD
TMP=C:\Users\Allcom\AppData\Local\Temp
TEMP=C:\Users\Allcom\AppData\Local\Temp




Periodic native trim disabled

---------------  S Y S T E M  ---------------

OS:
 Windows 10 , 64 bit Build 19041 (10.0.19041.1706)
OS uptime: 5 days 23:11 hours

CPU: total 4 (initial active 4) (4 cores per cpu, 1 threads per core) family 22 model 48 stepping 1 microcode 0x0, cx8, cmov, fxsr, mmx, 3dnowpref, sse, sse2, sse3, ssse3, sse4a, sse4.1, sse4.2, popcnt, lzcnt, tsc, tscinvbit, avx, aes, clmul, bmi1, vzeroupper, clflush, rdtscp, f16c
Processor Information for all 4 processors :
  Max Mhz: 2000, Current Mhz: 2000, Mhz Limit: 2000

Memory: 4k page, system-wide physical 3550M (292M free)
TotalPageFile size 10062M (AvailPageFile size 94M)
current process WorkingSet (physical memory assigned to process): 159M, peak: 207M
current process commit charge ("private bytes"): 290M, peak: 307M

vm_info: Java HotSpot(TM) 64-Bit Server VM (22+36-2370) for windows-amd64 JRE (22+36-2370), built on 2024-02-15T22:15:19Z by "mach5one" with MS VC++ 17.6 (VS2022)

END.
